<?xml version="1.0" encoding="UTF-8"?>
<!-- Generated by org.testng.reporters.JUnitXMLReporter -->
<testsuite ignored="0" hostname="Kumar_Shashi" failures="0" tests="7" name="car Loan" time="0.145" errors="0" timestamp="2025-10-15T15:46:30 IST">
  <testcase classname="test.Class3" name="loginApiCarLoan" time="0.008"/>
  <testcase classname="test.Class3" name="loginApiCarLoan" time="0.01"/>
  <testcase classname="test.Class3" name="loginApiCarLoan" time="0.004"/>
  <testcase classname="test.Class3" name="mobileSignOutCarLoan" time="0.006"/>
  <testcase classname="test.Class3" name="webloginCarLoan" time="0.007"/>
  <testcase classname="test.Class3" name="mobileLoinCarLoan" time="0.014"/>
  <testcase classname="test.Class3" name="mobileSignInCarLoan" time="0.003"/>
</testsuite> <!-- car Loan -->
