<?xml version="1.0" encoding="UTF-8"?>
<!-- Generated by org.testng.reporters.JUnitXMLReporter -->
<testsuite ignored="8" hostname="Kumar_Shashi" failures="0" tests="3" name="Regression" time="0.259" errors="0" timestamp="2025-10-15T13:36:44 IST">
  <testcase classname="test.Class1" name="demo2" time="0.039"/>
  <testcase classname="test.Class2" name="test2" time="0.004"/>
  <testcase classname="test.Class3" name="mobileSignOutCarLoan" time="0.003"/>
  <testcase classname="test.Class4" name="webloginHomeLoan" time="0.0">
    <ignored/>
  </testcase> <!-- webloginHomeLoan -->
  <testcase classname="test.Class4" name="mobileLoinHomeLoan" time="0.0">
    <ignored/>
  </testcase> <!-- mobileLoinHomeLoan -->
  <testcase classname="test.Class3" name="loginApiCarLoan" time="0.0">
    <ignored/>
  </testcase> <!-- loginApiCarLoan -->
  <testcase classname="test.Class1" name="demo" time="0.0">
    <ignored/>
  </testcase> <!-- demo -->
  <testcase classname="test.Class3" name="mobileLoinCarLoan" time="0.0">
    <ignored/>
  </testcase> <!-- mobileLoinCarLoan -->
  <testcase classname="test.Class3" name="webloginCarLoan" time="0.0">
    <ignored/>
  </testcase> <!-- webloginCarLoan -->
  <testcase classname="test.Class3" name="mobileSignInCarLoan" time="0.0">
    <ignored/>
  </testcase> <!-- mobileSignInCarLoan -->
  <testcase classname="test.Class4" name="loginApiHomeLoan" time="0.0">
    <ignored/>
  </testcase> <!-- loginApiHomeLoan -->
</testsuite> <!-- Regression -->
