<?xml version="1.0" encoding="UTF-8"?>
<!-- Generated by org.testng.reporters.JUnitXMLReporter -->
<testsuite ignored="0" hostname="Kumar_Shashi" failures="0" tests="11" name="Test" time="0.24" errors="0" timestamp="2025-10-15T12:41:50 IST">
  <testcase classname="test.Class1" name="demo" time="0.021"/>
  <testcase classname="test.Class1" name="demo2" time="0.007"/>
  <testcase classname="test.Class2" name="test2" time="0.004"/>
  <testcase classname="test.Class3" name="loginApiCarLoan" time="0.004"/>
  <testcase classname="test.Class3" name="mobileLoinCarLoan" time="0.008"/>
  <testcase classname="test.Class3" name="mobileSignInCarLoan" time="0.005"/>
  <testcase classname="test.Class3" name="mobileSignOutCarLoan" time="0.007"/>
  <testcase classname="test.Class3" name="webloginCarLoan" time="0.005"/>
  <testcase classname="test.Class4" name="loginApiHomeLoan" time="0.003"/>
  <testcase classname="test.Class4" name="mobileLoinHomeLoan" time="0.004"/>
  <testcase classname="test.Class4" name="webloginHomeLoan" time="0.004"/>
</testsuite> <!-- Test -->
