<?xml version="1.0" encoding="UTF-8"?>
<!-- Generated by org.testng.reporters.JUnitReportReporter -->
<testsuite hostname="Kumar_Shashi" failures="0" tests="7" name="test.Class3" time="0.052" errors="0" timestamp="2025-10-15T15:46:31 IST" skipped="0">
  <testcase classname="test.Class3" name="mobileSignOutCarLoan" time="0.006"/>
  <testcase classname="test.Class3" name="loginApiCarLoan" time="0.008"/>
  <testcase classname="test.Class3" name="loginApiCarLoan" time="0.010"/>
  <testcase classname="test.Class3" name="mobileLoinCarLoan" time="0.014"/>
  <testcase classname="test.Class3" name="loginApiCarLoan" time="0.004"/>
  <testcase classname="test.Class3" name="mobileSignInCarLoan" time="0.003"/>
  <testcase classname="test.Class3" name="webloginCarLoan" time="0.007"/>
</testsuite> <!-- test.Class3 -->
