<?xml version="1.0" encoding="UTF-8"?>
<!-- Generated by org.testng.reporters.JUnitReportReporter -->
<testsuite hostname="Kumar_Shashi" failures="0" tests="3" name="test.Class4" time="0.011" errors="0" timestamp="2025-10-15T12:41:50 IST" skipped="0">
  <testcase classname="test.Class4" name="loginApiHomeLoan" time="0.003"/>
  <testcase classname="test.Class4" name="mobileLoinHomeLoan" time="0.004"/>
  <testcase classname="test.Class4" name="webloginHomeLoan" time="0.004"/>
</testsuite> <!-- test.Class4 -->
